<?xml version="1.0" encoding="UTF-8"?>
<!-- Generated by org.testng.reporters.JUnitReportReporter -->
<testsuite hostname="Suji-Laptop" failures="0" tests="3" name="runner.CartRunner$TestRunner" time="60.315" errors="0" timestamp="2025-03-12T12:07:56 IST" skipped="0">
  <testcase classname="runner.CartRunner$TestRunner" name="runScenario" time="33.293"/>
  <system-out/>
  <testcase classname="runner.CartRunner$TestRunner" name="runScenario" time="12.187"/>
  <system-out/>
  <testcase classname="runner.CartRunner$TestRunner" name="runScenario" time="14.835"/>
  <system-out/>
</testsuite> <!-- runner.CartRunner$TestRunner -->
